<?xml version="1.0" encoding="UTF-8"?>
<!-- Generated by org.testng.reporters.JUnitReportReporter -->
<testsuite hostname="DESKTOP-SOTA0LM" failures="0" tests="6" name="com.testcases.Index_Test" time="54.104" errors="0" timestamp="2022-10-06T20:06:56 EDT" skipped="0">
  <testcase classname="com.testcases.Index_Test" name="test_StoreTitle" time="7.813"/>
  <system-out/>
  <testcase classname="com.testcases.Index_Test" name="test_StoreTitle" time="9.777"/>
  <system-out/>
  <testcase classname="com.testcases.Index_Test" name="Logo_Test" time="7.808"/>
  <system-out/>
  <testcase classname="com.testcases.Index_Test" name="test_StoreTitle" time="7.466"/>
  <system-out/>
  <testcase classname="com.testcases.Index_Test" name="Logo_Test" time="8.200"/>
  <system-out/>
  <testcase classname="com.testcases.Index_Test" name="Logo_Test" time="13.040"/>
  <system-out/>
</testsuite> <!-- com.testcases.Index_Test -->
