<?xml version="1.0" encoding="UTF-8"?>
<!-- Generated by org.testng.reporters.JUnitReportReporter -->
<testsuite hostname="DESKTOP-SOTA0LM" failures="0" tests="2" name="com.testcases.Home_Test" time="29.707" errors="0" timestamp="2022-10-06T12:43:48 EDT" skipped="0">
  <testcase classname="com.testcases.Home_Test" name="OrderHistory_Test" time="14.700"/>
  <system-out/>
  <testcase classname="com.testcases.Home_Test" name="WishList_Test" time="15.007"/>
  <system-out/>
</testsuite> <!-- com.testcases.Home_Test -->
