<?xml version="1.0" encoding="UTF-8"?>
<!-- Generated by org.testng.reporters.JUnitReportReporter -->
<testsuite hostname="DESKTOP-SOTA0LM" failures="0" tests="1" name="com.testcases.Order_Test" time="11.454" errors="0" timestamp="2022-10-06T20:05:55 EDT" skipped="0">
  <testcase classname="com.testcases.Order_Test" name="TotalPrice_Test" time="11.454"/>
  <system-out/>
</testsuite> <!-- com.testcases.Order_Test -->
