<?xml version="1.0" encoding="UTF-8"?>
<!-- Generated by org.testng.reporters.JUnitReportReporter -->
<testsuite hostname="DESKTOP-SOTA0LM" failures="0" tests="1" name="com.testcases.AddToCart_Test" time="20.936" errors="0" timestamp="2022-10-06T12:57:36 EDT" skipped="0">
  <testcase classname="com.testcases.AddToCart_Test" name="AddToCart_test" time="20.936"/>
  <system-out/>
</testsuite> <!-- com.testcases.AddToCart_Test -->
