<?xml version="1.0" encoding="UTF-8"?>
<!-- Generated by org.testng.reporters.JUnitReportReporter -->
<testsuite hostname="DESKTOP-SOTA0LM" failures="0" tests="1" name="com.testcases.Login_Test" time="10.953" errors="0" timestamp="2022-10-06T12:43:48 EDT" skipped="0">
  <testcase classname="com.testcases.Login_Test" name="Login_test" time="10.953"/>
  <system-out/>
</testsuite> <!-- com.testcases.Login_Test -->
